The following modules were not unloaded:
  (Use "module --force purge" to unload all):

  1) CCconfig         4) imkl/2020.1.217    7) libfabric/1.10.1
  2) gentoo/2020      5) intel/2020.1.217   8) openmpi/4.0.3
  3) gcccore/.9.3.0   6) ucx/1.8.0          9) StdEnv/2020

Lmod is automatically replacing "intel/2020.1.217" with "gcc/9.3.0".


Due to MODULEPATH changes, the following have been reloaded:
  1) libfabric/1.10.1     2) openmpi/4.0.3     3) ucx/1.8.0

The environment has already been set by the module.
Not making any changes.
The environment has already been set by the module.
Not making any changes.
-I: Adding /cvmfs/restricted.computecanada.ca/easybuild/software/2020/avx2/MPI/gcc9/cuda11.4/openmpi4/amber/20.12-20.15/dat/leap/prep to search path.
-I: Adding /cvmfs/restricted.computecanada.ca/easybuild/software/2020/avx2/MPI/gcc9/cuda11.4/openmpi4/amber/20.12-20.15/dat/leap/lib to search path.
-I: Adding /cvmfs/restricted.computecanada.ca/easybuild/software/2020/avx2/MPI/gcc9/cuda11.4/openmpi4/amber/20.12-20.15/dat/leap/parm to search path.
-I: Adding /cvmfs/restricted.computecanada.ca/easybuild/software/2020/avx2/MPI/gcc9/cuda11.4/openmpi4/amber/20.12-20.15/dat/leap/cmd to search path.
-f: Source PPO.in.

Welcome to LEaP!
(no leaprc in search path)
Sourcing: ./PPO.in
----- Source: /cvmfs/restricted.computecanada.ca/easybuild/software/2020/avx2/MPI/gcc9/cuda11.4/openmpi4/amber/20.12-20.15/dat/leap/cmd/leaprc.gaff
----- Source of /cvmfs/restricted.computecanada.ca/easybuild/software/2020/avx2/MPI/gcc9/cuda11.4/openmpi4/amber/20.12-20.15/dat/leap/cmd/leaprc.gaff done
Log file: ./leap.log
Loading parameters: /cvmfs/restricted.computecanada.ca/easybuild/software/2020/avx2/MPI/gcc9/cuda11.4/openmpi4/amber/20.12-20.15/dat/leap/parm/gaff.dat
Reading title:
AMBER General Force Field for organic molecules (Version 1.81, May 2017)
Loading Mol2 file: ../ligand_files/PPO.mol2
Reading MOLECULE named PPO
Loading parameters: ../ligand_files/PPO.frcmod
Reading force field modification type file (frcmod)
Reading title:
Remark line goes here
Building topology.
Building atom parameters.
	Quit

Exiting LEaP: Errors = 0; Warnings = 0; Notes = 0.
-I: Adding /cvmfs/restricted.computecanada.ca/easybuild/software/2020/avx2/MPI/gcc9/cuda11.4/openmpi4/amber/20.12-20.15/dat/leap/prep to search path.
-I: Adding /cvmfs/restricted.computecanada.ca/easybuild/software/2020/avx2/MPI/gcc9/cuda11.4/openmpi4/amber/20.12-20.15/dat/leap/lib to search path.
-I: Adding /cvmfs/restricted.computecanada.ca/easybuild/software/2020/avx2/MPI/gcc9/cuda11.4/openmpi4/amber/20.12-20.15/dat/leap/parm to search path.
-I: Adding /cvmfs/restricted.computecanada.ca/easybuild/software/2020/avx2/MPI/gcc9/cuda11.4/openmpi4/amber/20.12-20.15/dat/leap/cmd to search path.
-f: Source GGC.in.

Welcome to LEaP!
(no leaprc in search path)
Sourcing: ./GGC.in
----- Source: /cvmfs/restricted.computecanada.ca/easybuild/software/2020/avx2/MPI/gcc9/cuda11.4/openmpi4/amber/20.12-20.15/dat/leap/cmd/leaprc.gaff
----- Source of /cvmfs/restricted.computecanada.ca/easybuild/software/2020/avx2/MPI/gcc9/cuda11.4/openmpi4/amber/20.12-20.15/dat/leap/cmd/leaprc.gaff done
Log file: ./leap.log
Loading parameters: /cvmfs/restricted.computecanada.ca/easybuild/software/2020/avx2/MPI/gcc9/cuda11.4/openmpi4/amber/20.12-20.15/dat/leap/parm/gaff.dat
Reading title:
AMBER General Force Field for organic molecules (Version 1.81, May 2017)
Loading Mol2 file: ../ligand_files/GGC.mol2
Reading MOLECULE named gerger
Loading parameters: ../ligand_files/GGC.frcmod
Reading force field modification type file (frcmod)
Reading title:
Remark line goes here
Building topology.
Building atom parameters.
	Quit

Exiting LEaP: Errors = 0; Warnings = 0; Notes = 0.
-I: Adding /cvmfs/restricted.computecanada.ca/easybuild/software/2020/avx2/MPI/gcc9/cuda11.4/openmpi4/amber/20.12-20.15/dat/leap/prep to search path.
-I: Adding /cvmfs/restricted.computecanada.ca/easybuild/software/2020/avx2/MPI/gcc9/cuda11.4/openmpi4/amber/20.12-20.15/dat/leap/lib to search path.
-I: Adding /cvmfs/restricted.computecanada.ca/easybuild/software/2020/avx2/MPI/gcc9/cuda11.4/openmpi4/amber/20.12-20.15/dat/leap/parm to search path.
-I: Adding /cvmfs/restricted.computecanada.ca/easybuild/software/2020/avx2/MPI/gcc9/cuda11.4/openmpi4/amber/20.12-20.15/dat/leap/cmd to search path.
-f: Source complex.in.

Welcome to LEaP!
(no leaprc in search path)
Sourcing: ./complex.in
----- Source: /cvmfs/restricted.computecanada.ca/easybuild/software/2020/avx2/MPI/gcc9/cuda11.4/openmpi4/amber/20.12-20.15/dat/leap/cmd/leaprc.protein.ff14SB
----- Source of /cvmfs/restricted.computecanada.ca/easybuild/software/2020/avx2/MPI/gcc9/cuda11.4/openmpi4/amber/20.12-20.15/dat/leap/cmd/leaprc.protein.ff14SB done
Log file: ./leap.log
Loading parameters: /cvmfs/restricted.computecanada.ca/easybuild/software/2020/avx2/MPI/gcc9/cuda11.4/openmpi4/amber/20.12-20.15/dat/leap/parm/parm10.dat
Reading title:
PARM99 + frcmod.ff99SB + frcmod.parmbsc0 + OL3 for RNA
Loading parameters: /cvmfs/restricted.computecanada.ca/easybuild/software/2020/avx2/MPI/gcc9/cuda11.4/openmpi4/amber/20.12-20.15/dat/leap/parm/frcmod.ff14SB
Reading force field modification type file (frcmod)
Reading title:
ff14SB protein backbone and sidechain parameters
Loading library: /cvmfs/restricted.computecanada.ca/easybuild/software/2020/avx2/MPI/gcc9/cuda11.4/openmpi4/amber/20.12-20.15/dat/leap/lib/amino12.lib
Loading library: /cvmfs/restricted.computecanada.ca/easybuild/software/2020/avx2/MPI/gcc9/cuda11.4/openmpi4/amber/20.12-20.15/dat/leap/lib/aminoct12.lib
Loading library: /cvmfs/restricted.computecanada.ca/easybuild/software/2020/avx2/MPI/gcc9/cuda11.4/openmpi4/amber/20.12-20.15/dat/leap/lib/aminont12.lib
----- Source: /cvmfs/restricted.computecanada.ca/easybuild/software/2020/avx2/MPI/gcc9/cuda11.4/openmpi4/amber/20.12-20.15/dat/leap/cmd/leaprc.gaff
----- Source of /cvmfs/restricted.computecanada.ca/easybuild/software/2020/avx2/MPI/gcc9/cuda11.4/openmpi4/amber/20.12-20.15/dat/leap/cmd/leaprc.gaff done
Log file: ./leap.log
Loading parameters: /cvmfs/restricted.computecanada.ca/easybuild/software/2020/avx2/MPI/gcc9/cuda11.4/openmpi4/amber/20.12-20.15/dat/leap/parm/gaff.dat
Reading title:
AMBER General Force Field for organic molecules (Version 1.81, May 2017)
----- Source: /cvmfs/restricted.computecanada.ca/easybuild/software/2020/avx2/MPI/gcc9/cuda11.4/openmpi4/amber/20.12-20.15/dat/leap/cmd/leaprc.water.tip3p
----- Source of /cvmfs/restricted.computecanada.ca/easybuild/software/2020/avx2/MPI/gcc9/cuda11.4/openmpi4/amber/20.12-20.15/dat/leap/cmd/leaprc.water.tip3p done
Loading library: /cvmfs/restricted.computecanada.ca/easybuild/software/2020/avx2/MPI/gcc9/cuda11.4/openmpi4/amber/20.12-20.15/dat/leap/lib/atomic_ions.lib
Loading library: /cvmfs/restricted.computecanada.ca/easybuild/software/2020/avx2/MPI/gcc9/cuda11.4/openmpi4/amber/20.12-20.15/dat/leap/lib/solvents.lib
Loading parameters: /cvmfs/restricted.computecanada.ca/easybuild/software/2020/avx2/MPI/gcc9/cuda11.4/openmpi4/amber/20.12-20.15/dat/leap/parm/frcmod.tip3p
Reading force field modification type file (frcmod)
Reading title:
This is the additional/replacement parameter set for TIP3P water
Loading parameters: /cvmfs/restricted.computecanada.ca/easybuild/software/2020/avx2/MPI/gcc9/cuda11.4/openmpi4/amber/20.12-20.15/dat/leap/parm/frcmod.ions1lm_126_tip3p
Reading force field modification type file (frcmod)
Reading title:
Li/Merz ion parameters of monovalent ions for TIP3P water model (12-6 normal usage set)
Loading parameters: /cvmfs/restricted.computecanada.ca/easybuild/software/2020/avx2/MPI/gcc9/cuda11.4/openmpi4/amber/20.12-20.15/dat/leap/parm/frcmod.ionsjc_tip3p
Reading force field modification type file (frcmod)
Reading title:
Monovalent ion parameters for Ewald and TIP3P water from Joung & Cheatham JPCB (2008)
Loading parameters: /cvmfs/restricted.computecanada.ca/easybuild/software/2020/avx2/MPI/gcc9/cuda11.4/openmpi4/amber/20.12-20.15/dat/leap/parm/frcmod.ions234lm_126_tip3p
Reading force field modification type file (frcmod)
Reading title:
Li/Merz ion parameters of divalent to tetravalent ions for TIP3P water model (12-6 normal usage set)
Loading parameters: ../ligand_files/PPO.frcmod
Reading force field modification type file (frcmod)
Reading title:
Remark line goes here
Loading parameters: ../ligand_files/GGC.frcmod
Reading force field modification type file (frcmod)
Reading title:
Remark line goes here
Loading library: ../ligand_files/PPO.lib
Loading library: ../ligand_files/GGC.lib
Loading PDB file: ../TXS-gerger_start.pdb
 (starting new molecule for chain A)
  total atoms in file: 12607
Adding 22 counter ions to "complex" using 1A grid
Grid extends from solute vdw + 3.89  to  9.99
Resolution:      1.00 Angstrom.
 (no solvent present)
Calculating grid charges
Placed Na+ in complex at (56.02, 12.08, 87.07).
Placed Na+ in complex at (60.02, 35.08, 58.07).
Placed Na+ in complex at (68.02, -9.92, 72.07).
Placed Na+ in complex at (25.02, 50.08, 59.07).
Placed Na+ in complex at (68.02, 7.08, 79.07).
Placed Na+ in complex at (34.02, 19.08, 92.07).
Placed Na+ in complex at (54.02, 49.08, 73.07).
Placed Na+ in complex at (45.02, 1.08, 34.07).
Placed Na+ in complex at (41.02, 75.08, 45.07).
Placed Na+ in complex at (60.02, 72.08, 37.07).
Placed Na+ in complex at (32.02, 1.08, 102.07).
Placed Na+ in complex at (57.02, 32.08, 66.07).
Placed Na+ in complex at (24.02, -14.92, 67.07).
Placed Na+ in complex at (12.02, 45.08, 46.07).
Placed Na+ in complex at (63.02, -2.92, 65.07).
Placed Na+ in complex at (44.02, -27.92, 83.07).
Placed Na+ in complex at (59.02, 11.08, 33.07).
Placed Na+ in complex at (17.02, 25.08, 74.07).
Placed Na+ in complex at (38.02, -5.92, 58.07).
Placed Na+ in complex at (54.02, 55.08, 26.07).
Placed Na+ in complex at (47.02, -3.92, 102.07).
Placed Na+ in complex at (29.02, 57.08, 69.07).

Done adding ions.
Scaling up box by a factor of 1.135546 to meet diagonal cut criterion
  Solute vdw bounding box:              58.557 117.966 72.285
  Total bounding box for atom centers:  140.677 140.677 140.677
      (box expansion for 'iso' is 156.3%)
  Solvent unit box:                     18.774 18.774 18.774
  Volume: 1421908.613 A^3 (oct)
  Total mass 793092.373 amu,  Density 0.926 g/cc
  Added 38969 residues.
Adding 256 counter ions to "complex". 38713 solvent molecules will remain.
0: Placed Na+ in complex at (-21.03, -41.79, -9.67).
Placed Cl- in complex at (35.01, -28.15, -43.75).
0: Placed Na+ in complex at (50.60, -15.10, -45.03).
Placed Cl- in complex at (-24.90, 41.76, 13.13).
0: Placed Na+ in complex at (0.03, 42.93, -43.22).
Placed Cl- in complex at (-5.95, -45.11, 19.44).
0: Placed Na+ in complex at (4.66, 49.12, -33.01).
Placed Cl- in complex at (-2.96, 1.26, 40.96).
0: Placed Na+ in complex at (0.13, 20.58, 40.05).
Placed Cl- in complex at (-47.25, -16.85, -27.97).
0: Placed Na+ in complex at (-40.97, -3.57, 38.25).
Placed Cl- in complex at (0.17, -16.46, 43.54).
0: Placed Na+ in complex at (-23.00, -68.40, 16.14).
Placed Cl- in complex at (20.20, -31.32, -41.65).
0: Placed Na+ in complex at (19.66, -43.46, -3.64).
Placed Cl- in complex at (1.88, 41.23, -23.00).
0: Placed Na+ in complex at (-9.90, -32.71, -14.55).
Placed Cl- in complex at (-27.17, 7.45, 67.59).
0: Placed Na+ in complex at (-38.90, 16.22, -11.68).
Placed Cl- in complex at (38.08, 17.43, 6.73).
0: Placed Na+ in complex at (34.40, -27.75, 43.38).
Placed Cl- in complex at (48.32, -41.32, -24.44).
0: Placed Na+ in complex at (-8.77, -19.20, 37.83).
Placed Cl- in complex at (21.02, 36.73, 0.93).
0: Placed Na+ in complex at (36.23, 21.30, -7.88).
Placed Cl- in complex at (-51.15, -24.44, 30.37).
0: Placed Na+ in complex at (-40.41, 31.53, 35.68).
Placed Cl- in complex at (24.17, 2.50, 9.35).
0: Placed Na+ in complex at (-57.42, 18.77, -0.15).
Placed Cl- in complex at (52.67, -16.55, -15.73).
0: Placed Na+ in complex at (47.68, 18.91, 11.78).
Placed Cl- in complex at (-51.71, 10.17, -3.92).
0: Placed Na+ in complex at (34.67, 37.03, 32.16).
Placed Cl- in complex at (5.74, 43.85, -0.86).
0: Placed Na+ in complex at (20.89, -56.32, -16.29).
Placed Cl- in complex at (-4.26, -10.57, 14.00).
0: Placed Na+ in complex at (-32.99, -44.80, -2.81).
Placed Cl- in complex at (-18.21, 47.08, -23.84).
0: Placed Na+ in complex at (49.17, -32.10, 38.82).
Placed Cl- in complex at (28.07, -18.10, 55.56).
0: Placed Na+ in complex at (31.27, 56.78, -13.24).
Placed Cl- in complex at (-30.55, 27.96, 9.10).
0: Placed Na+ in complex at (-3.10, 9.10, 51.88).
Placed Cl- in complex at (47.94, -20.40, 11.19).
0: Placed Na+ in complex at (54.65, -21.73, -39.40).
Placed Cl- in complex at (17.65, 12.53, -58.77).
0: Placed Na+ in complex at (0.09, -19.15, -48.84).
Placed Cl- in complex at (9.91, -50.01, -14.84).
0: Placed Na+ in complex at (-0.78, 50.99, 10.26).
Placed Cl- in complex at (50.86, 49.39, 3.11).
0: Placed Na+ in complex at (49.75, 12.55, 29.01).
Placed Cl- in complex at (-5.50, 61.10, 1.21).
0: Placed Na+ in complex at (22.17, 30.17, 32.34).
Placed Cl- in complex at (-24.43, -40.77, -14.93).
0: Placed Na+ in complex at (-9.16, -10.33, 40.36).
Placed Cl- in complex at (-29.02, 41.24, 43.61).
0: Placed Na+ in complex at (41.55, -35.47, 40.48).
Placed Cl- in complex at (-22.93, 36.46, -43.10).
0: Placed Na+ in complex at (-19.25, -5.28, -43.04).
Placed Cl- in complex at (-6.25, -5.07, 37.74).
0: Placed Na+ in complex at (-16.12, -59.21, -19.83).
Placed Cl- in complex at (-22.35, -13.89, 4.60).
0: Placed Na+ in complex at (-0.33, -37.51, 8.23).
Placed Cl- in complex at (41.10, -40.08, -24.01).
0: Placed Na+ in complex at (11.70, 9.92, 26.88).
Placed Cl- in complex at (15.57, -25.60, 5.71).
0: Placed Na+ in complex at (17.42, 20.09, -12.55).
Placed Cl- in complex at (13.05, 55.45, 7.05).
0: Placed Na+ in complex at (-7.66, 6.14, -65.12).
Placed Cl- in complex at (32.10, -9.79, 59.64).
0: Placed Na+ in complex at (-50.56, -13.67, -39.62).
Placed Cl- in complex at (-27.86, 3.14, -59.56).
0: Placed Na+ in complex at (-25.57, -8.81, -1.03).
Placed Cl- in complex at (-2.61, 37.55, -28.15).
0: Placed Na+ in complex at (20.20, -54.31, -1.82).
Placed Cl- in complex at (16.17, -43.45, -9.82).
0: Placed Na+ in complex at (31.73, 50.99, -16.29).
Placed Cl- in complex at (45.90, 49.71, -20.43).
0: Placed Na+ in complex at (36.68, 44.29, 16.00).
Placed Cl- in complex at (-28.25, -8.11, 51.73).
0: Placed Na+ in complex at (-36.32, 6.38, -43.01).
Placed Cl- in complex at (8.82, -35.79, -43.47).
0: Placed Na+ in complex at (-39.92, -39.15, 26.85).
Placed Cl- in complex at (-31.32, -59.68, 23.75).
0: Placed Na+ in complex at (-19.38, -7.38, 59.69).
Placed Cl- in complex at (59.94, -17.46, -27.41).
0: Placed Na+ in complex at (-12.84, 27.20, -24.15).
Placed Cl- in complex at (-24.29, 52.88, 24.95).
0: Placed Na+ in complex at (29.42, 9.10, -1.22).
Placed Cl- in complex at (-3.10, 55.09, -1.22).
0: Placed Na+ in complex at (-48.21, 15.80, -33.55).
Placed Cl- in complex at (-20.72, 22.85, 65.52).
0: Placed Na+ in complex at (15.48, 2.84, -40.02).
Placed Cl- in complex at (-19.29, 35.29, -32.51).
0: Placed Na+ in complex at (-0.93, -42.35, -28.12).
Placed Cl- in complex at (32.54, 36.82, -2.55).
0: Placed Na+ in complex at (-48.51, -43.31, 10.22).
Placed Cl- in complex at (-57.68, -5.73, 44.34).
0: Placed Na+ in complex at (-30.40, 27.88, -3.30).
Placed Cl- in complex at (-15.16, 50.03, -27.05).
0: Placed Na+ in complex at (-39.37, -11.12, 1.97).
Placed Cl- in complex at (-42.65, -28.27, -7.09).
0: Placed Na+ in complex at (-2.58, -27.67, -33.50).
Placed Cl- in complex at (14.35, -52.43, -48.83).
0: Placed Na+ in complex at (36.22, -3.13, 46.73).
Placed Cl- in complex at (41.83, 37.10, -29.01).
0: Placed Na+ in complex at (-0.93, 26.63, -41.40).
Placed Cl- in complex at (-6.41, -45.69, 9.41).
0: Placed Na+ in complex at (-56.50, -15.50, 27.83).
Placed Cl- in complex at (-44.26, -16.27, 16.04).
0: Placed Na+ in complex at (-19.56, -2.78, -56.40).
Placed Cl- in complex at (-40.59, -7.21, -20.53).
0: Placed Na+ in complex at (12.99, -16.62, 18.88).
Placed Cl- in complex at (25.28, -14.93, 52.09).
0: Placed Na+ in complex at (-7.13, -40.01, 18.67).
Placed Cl- in complex at (21.02, 36.73, 27.48).
0: Placed Na+ in complex at (17.42, -25.90, -65.65).
Placed Cl- in complex at (-1.44, 41.39, 22.63).
0: Placed Na+ in complex at (28.07, -47.50, -4.35).
Placed Cl- in complex at (50.31, 6.15, -41.25).
0: Placed Na+ in complex at (24.44, 15.78, 19.30).
Placed Cl- in complex at (12.79, 53.31, -34.46).
0: Placed Na+ in complex at (-21.41, -9.23, -45.67).
Placed Cl- in complex at (7.36, -23.64, -48.77).
0: Placed Na+ in complex at (8.94, -52.84, 15.13).
Placed Cl- in complex at (-1.32, -14.75, 55.96).
0: Placed Na+ in complex at (4.32, 26.57, 51.61).
Placed Cl- in complex at (-52.13, -11.54, 24.55).
0: Placed Na+ in complex at (45.28, 27.78, -19.33).
Placed Cl- in complex at (-2.73, 50.37, -23.22).
0: Placed Na+ in complex at (-28.81, 44.30, -47.70).
Placed Cl- in complex at (20.00, -31.16, 53.08).
0: Placed Na+ in complex at (31.73, -17.99, -56.12).
Placed Cl- in complex at (-17.04, -37.26, -23.92).
0: Placed Na+ in complex at (-50.02, -1.39, -1.06).
Placed Cl- in complex at (29.04, -21.06, 17.79).
0: Placed Na+ in complex at (8.08, 29.70, -8.16).
Placed Cl- in complex at (-23.98, 55.01, 0.12).
0: Placed Na+ in complex at (-26.09, 50.79, -27.19).
Placed Cl- in complex at (2.07, -26.87, -2.00).
0: Placed Na+ in complex at (-38.93, -45.69, -17.14).
Placed Cl- in complex at (-5.93, 3.03, 64.77).
0: Placed Na+ in complex at (-21.41, -9.23, -19.12).
Placed Cl- in complex at (-10.93, -41.35, 44.28).
0: Placed Na+ in complex at (43.63, -9.23, 33.98).
Placed Cl- in complex at (50.38, 6.62, -10.82).
0: Placed Na+ in complex at (12.09, -54.38, 11.46).
Placed Cl- in complex at (20.51, -46.03, 48.35).
0: Placed Na+ in complex at (-3.93, 47.29, 10.81).
Placed Cl- in complex at (28.07, 44.47, -30.90).
0: Placed Na+ in complex at (-19.29, 4.09, -28.12).
Placed Cl- in complex at (30.52, 42.53, 28.96).
0: Placed Na+ in complex at (-51.25, 16.20, 9.13).
Placed Cl- in complex at (35.28, 31.11, -7.26).
0: Placed Na+ in complex at (-19.25, 40.71, -43.04).
Placed Cl- in complex at (-16.92, 5.53, -31.75).
0: Placed Na+ in complex at (-18.12, -26.84, -27.58).
Placed Cl- in complex at (-35.85, -4.26, -36.71).
0: Placed Na+ in complex at (-54.13, 3.59, -12.48).
Placed Cl- in complex at (-8.29, -49.93, -7.16).
0: Placed Na+ in complex at (-10.77, 15.27, -43.85).
Placed Cl- in complex at (-12.65, 2.85, 27.20).
0: Placed Na+ in complex at (-58.09, 2.04, -19.32).
Placed Cl- in complex at (43.96, -37.05, 24.10).
0: Placed Na+ in complex at (-2.43, 25.95, 56.52).
Placed Cl- in complex at (2.65, 35.81, 12.53).
0: Placed Na+ in complex at (-11.31, -37.13, -16.08).
Placed Cl- in complex at (-18.16, 44.70, -5.28).
0: Placed Na+ in complex at (39.09, 4.76, 14.00).
Placed Cl- in complex at (12.09, -31.39, 24.74).
0: Placed Na+ in complex at (-9.47, 57.08, 18.24).
Placed Cl- in complex at (52.72, 37.67, -28.37).
0: Placed Na+ in complex at (40.24, -40.64, -34.30).
Placed Cl- in complex at (42.11, 13.47, -29.82).
0: Placed Na+ in complex at (24.11, -12.95, 49.89).
Placed Cl- in complex at (-56.95, -17.78, 24.90).
0: Placed Na+ in complex at (28.19, -49.61, 39.32).
Placed Cl- in complex at (37.91, 48.41, -10.65).
0: Placed Na+ in complex at (27.71, -41.94, -6.90).
Placed Cl- in complex at (18.70, -49.07, -32.89).
0: Placed Na+ in complex at (-0.09, 42.96, -22.10).
Placed Cl- in complex at (-8.20, -43.11, -25.31).
0: Placed Na+ in complex at (-49.23, 27.66, -37.72).
Placed Cl- in complex at (38.32, 29.28, -37.79).
0: Placed Na+ in complex at (-8.35, -20.49, 22.63).
Placed Cl- in complex at (13.04, 25.12, -54.35).
0: Placed Na+ in complex at (46.48, 7.42, 42.54).
Placed Cl- in complex at (-40.72, -20.12, 41.07).
0: Placed Na+ in complex at (40.38, -41.41, 33.49).
Placed Cl- in complex at (-30.84, 27.99, 53.64).
0: Placed Na+ in complex at (5.63, -37.33, 6.11).
Placed Cl- in complex at (41.34, 10.19, 36.18).
0: Placed Na+ in complex at (9.45, -59.93, -10.23).
Placed Cl- in complex at (12.96, -25.77, 9.97).
0: Placed Na+ in complex at (42.03, 1.28, -9.49).
Placed Cl- in complex at (45.30, 7.32, -7.91).
0: Placed Na+ in complex at (37.10, 33.25, -2.09).
Placed Cl- in complex at (41.16, -7.76, -34.00).
0: Placed Na+ in complex at (53.14, 11.88, -7.55).
Placed Cl- in complex at (23.80, 35.55, -43.13).
0: Placed Na+ in complex at (56.74, -26.94, -20.43).
Placed Cl- in complex at (-51.77, -28.28, -3.21).
0: Placed Na+ in complex at (-10.75, -57.47, -35.57).
Placed Cl- in complex at (-32.49, -32.16, -15.82).
0: Placed Na+ in complex at (14.07, -45.84, -44.80).
Placed Cl- in complex at (-49.44, 5.53, 47.90).
0: Placed Na+ in complex at (39.56, 21.71, 36.65).
Placed Cl- in complex at (15.80, -41.32, 28.66).
0: Placed Na+ in complex at (40.26, 47.42, -14.49).
Placed Cl- in complex at (50.86, 26.40, 16.39).
0: Placed Na+ in complex at (5.42, 37.94, 17.97).
Placed Cl- in complex at (38.20, 10.34, 23.49).
0: Placed Na+ in complex at (4.59, 56.24, -15.36).
Placed Cl- in complex at (27.01, -51.12, -23.10).
0: Placed Na+ in complex at (11.01, -47.12, 16.99).
Placed Cl- in complex at (29.56, 1.26, -38.69).
0: Placed Na+ in complex at (-41.39, -33.35, 9.10).
Placed Cl- in complex at (56.68, 25.50, -3.92).
0: Placed Na+ in complex at (45.43, -10.07, -17.21).
Placed Cl- in complex at (-15.10, -25.90, -39.10).
0: Placed Na+ in complex at (15.48, 48.83, -13.47).
Placed Cl- in complex at (-6.85, 57.86, -37.86).
0: Placed Na+ in complex at (19.89, -50.61, -17.90).
Placed Cl- in complex at (10.40, -14.19, -60.56).
0: Placed Na+ in complex at (-28.96, 3.82, -54.13).
Placed Cl- in complex at (-32.45, 11.25, -52.31).
0: Placed Na+ in complex at (-2.76, -8.62, 31.66).
Placed Cl- in complex at (7.36, 40.26, -8.76).
0: Placed Na+ in complex at (-35.13, 14.55, -14.88).
Placed Cl- in complex at (-20.31, -4.23, -34.86).
0: Placed Na+ in complex at (-1.30, 28.90, 47.61).
Placed Cl- in complex at (-34.82, -53.82, 14.55).
0: Placed Na+ in complex at (-12.52, 14.83, -26.57).
Placed Cl- in complex at (33.67, -30.64, 16.73).
0: Placed Na+ in complex at (53.52, 1.43, -48.50).
Placed Cl- in complex at (24.44, 38.78, 32.57).
0: Placed Na+ in complex at (-22.83, -43.88, 8.31).
Placed Cl- in complex at (-46.58, 11.10, 39.68).
0: Placed Na+ in complex at (54.22, -24.50, -29.10).
Placed Cl- in complex at (-24.80, 11.11, -54.51).
0: Placed Na+ in complex at (32.64, 20.58, -13.05).
Placed Cl- in complex at (5.11, 30.57, 23.00).
0: Placed Na+ in complex at (10.97, 58.91, 0.22).
Placed Cl- in complex at (-32.39, -2.41, -26.33).
0: Placed Na+ in complex at (42.70, 44.39, -12.35).
Placed Cl- in complex at (-52.25, -38.67, 18.64).
0: Placed Na+ in complex at (2.65, 58.81, -0.75).
Placed Cl- in complex at (-21.59, -26.82, 44.09).
0: Placed Na+ in complex at (23.36, -10.33, 13.81).
Placed Cl- in complex at (8.54, -36.97, 0.12).
0: Placed Na+ in complex at (-11.13, -38.64, 26.60).
Placed Cl- in complex at (-14.17, 49.39, -23.44).
0: Placed Na+ in complex at (15.42, -20.40, 37.74).
Placed Cl- in complex at (-37.55, -32.04, -11.24).
0: Placed Na+ in complex at (17.75, -14.03, -68.84).
Placed Cl- in complex at (-44.74, -35.89, 23.64).
Checking Unit.
Building topology.
Building atom parameters.
Building bond parameters.
Building angle parameters.
Building proper torsion parameters.
Building improper torsion parameters.
 total 2632 improper torsions applied
Building H-Bond parameters.
Incorporating Non-Bonded adjustments.
Not Marking per-residue atom chain types.
Marking per-residue atom chain types.
  (Residues lacking connect0/connect1 - 
   these don't have chain types marked:

	res	total affected

	CVAL	1
	GGC	1
	NMET	1
	PPO	1
	WAT	38713
  )
 (no restraints)
	Quit

Exiting LEaP: Errors = 0; Warnings = 0; Notes = 0.
